Flow report for top
Wed Apr  9 17:55:03 2025
Quartus Prime Version 24.1std.0 Build 1077 03/04/2025 SC Standard Edition


---------------------
; Table of Contents ;
---------------------
  1. Legal Notice
  2. Flow Summary
  3. Flow Settings
  4. Flow Non-Default Global Settings
  5. Flow Elapsed Time
  6. Flow OS Summary
  7. Flow Log
  8. Flow Messages
  9. Flow Suppressed Messages



----------------
; Legal Notice ;
----------------
Copyright (C) 2025  Altera Corporation. All rights reserved.
Your use of Altera Corporation's design tools, logic functions 
and other software and tools, and any partner logic 
functions, and any output files from any of the foregoing 
(including device programming or simulation files), and any 
associated documentation or information are expressly subject 
to the terms and conditions of the Altera Program License 
Subscription Agreement, the Altera Quartus Prime License Agreement,
the Altera IP License Agreement, or other applicable license
agreement, including, without limitation, that your use is for
the sole purpose of programming logic devices manufactured by
Altera and sold by Altera or its authorized distributors.  Please
refer to the Altera Software License Subscription Agreements 
on the Quartus Prime software download page.



+------------------------------------------------------------------------------------------+
; Flow Summary                                                                             ;
+------------------------------------+-----------------------------------------------------+
; Flow Status                        ; Successful - Wed Apr  9 17:55:03 2025               ;
; Quartus Prime Version              ; 24.1std.0 Build 1077 03/04/2025 SC Standard Edition ;
; Revision Name                      ; top                                                 ;
; Top-level Entity Name              ; topv4                                               ;
; Family                             ; Cyclone 10 LP                                       ;
; Device                             ; 10CL025YU256I7G                                     ;
; Timing Models                      ; Final                                               ;
; Total logic elements               ; 5,253 / 24,624 ( 21 % )                             ;
;     Total combinational functions  ; 4,345 / 24,624 ( 18 % )                             ;
;     Dedicated logic registers      ; 3,372 / 24,624 ( 14 % )                             ;
; Total registers                    ; 3392                                                ;
; Total pins                         ; 14 / 151 ( 9 % )                                    ;
; Total virtual pins                 ; 0                                                   ;
; Total memory bits                  ; 266,880 / 608,256 ( 44 % )                          ;
; Embedded Multiplier 9-bit elements ; 0 / 132 ( 0 % )                                     ;
; Total PLLs                         ; 1 / 2 ( 50 % )                                      ;
+------------------------------------+-----------------------------------------------------+


+-----------------------------------------+
; Flow Settings                           ;
+-------------------+---------------------+
; Option            ; Setting             ;
+-------------------+---------------------+
; Start date & time ; 04/09/2025 17:49:33 ;
; Main task         ; Compilation         ;
; Revision Name     ; top                 ;
+-------------------+---------------------+


+----------------------------------------------------------------------------------------------------------------------------------------------------------------+
; Flow Non-Default Global Settings                                                                                                                               ;
+--------------------------------------+-------------------------------------------------------+---------------+-------------+-----------------------------------+
; Assignment Name                      ; Value                                                 ; Default Value ; Entity Name ; Section Id                        ;
+--------------------------------------+-------------------------------------------------------+---------------+-------------+-----------------------------------+
; COMPILER_SIGNATURE_ID                ; 224382518706515.174419217335092                       ; --            ; --          ; --                                ;
; EDA_GENERATE_FUNCTIONAL_NETLIST      ; Off                                                   ; --            ; --          ; eda_board_design_timing           ;
; EDA_GENERATE_FUNCTIONAL_NETLIST      ; Off                                                   ; --            ; --          ; eda_board_design_boundary_scan    ;
; EDA_GENERATE_FUNCTIONAL_NETLIST      ; Off                                                   ; --            ; --          ; eda_board_design_signal_integrity ;
; EDA_GENERATE_FUNCTIONAL_NETLIST      ; Off                                                   ; --            ; --          ; eda_board_design_symbol           ;
; EDA_OUTPUT_DATA_FORMAT               ; Systemverilog Hdl                                     ; --            ; --          ; eda_simulation                    ;
; EDA_SIMULATION_TOOL                  ; Questa Intel FPGA (SystemVerilog)                     ; <None>        ; --          ; --                                ;
; EDA_TIME_SCALE                       ; 1 ps                                                  ; --            ; --          ; eda_simulation                    ;
; ENABLE_SIGNALTAP                     ; On                                                    ; --            ; --          ; --                                ;
; FITTER_EFFORT                        ; Standard Fit                                          ; Auto Fit      ; --          ; --                                ;
; MAX_CORE_JUNCTION_TEMP               ; 100                                                   ; --            ; --          ; --                                ;
; MIN_CORE_JUNCTION_TEMP               ; -40                                                   ; --            ; --          ; --                                ;
; MISC_FILE                            ; top.iowizard                                          ; --            ; --          ; --                                ;
; MISC_FILE                            ; sys/synthesis/../sys.cmp                              ; --            ; --          ; --                                ;
; MISC_FILE                            ; sys/synthesis/../../sys.qsys                          ; --            ; --          ; --                                ;
; NOMINAL_CORE_SUPPLY_VOLTAGE          ; 1.2V                                                  ; --            ; --          ; --                                ;
; OPTIMIZATION_MODE                    ; High Performance Effort                               ; Balanced      ; --          ; --                                ;
; PARTITION_COLOR                      ; -- (Not supported for targeted family)                ; --            ; topv4       ; Top                               ;
; PARTITION_FITTER_PRESERVATION_LEVEL  ; -- (Not supported for targeted family)                ; --            ; topv4       ; Top                               ;
; PARTITION_NETLIST_TYPE               ; -- (Not supported for targeted family)                ; --            ; topv4       ; Top                               ;
; PHYSICAL_SYNTHESIS_COMBO_LOGIC       ; On                                                    ; Off           ; --          ; --                                ;
; PHYSICAL_SYNTHESIS_REGISTER_RETIMING ; On                                                    ; Off           ; --          ; --                                ;
; PLACEMENT_EFFORT_MULTIPLIER          ; 4.0                                                   ; 1.0           ; --          ; --                                ;
; POWER_BOARD_THERMAL_MODEL            ; None (CONSERVATIVE)                                   ; --            ; --          ; --                                ;
; POWER_PRESET_COOLING_SOLUTION        ; 23 MM HEAT SINK WITH 200 LFPM AIRFLOW                 ; --            ; --          ; --                                ;
; PROJECT_OUTPUT_DIRECTORY             ; output_files                                          ; --            ; --          ; --                                ;
; ROUTER_TIMING_OPTIMIZATION_LEVEL     ; MAXIMUM                                               ; Normal        ; --          ; --                                ;
; SLD_FILE                             ; sys/synthesis/sys.regmap                              ; --            ; --          ; --                                ;
; SLD_FILE                             ; sys/synthesis/sys.debuginfo                           ; --            ; --          ; --                                ;
; SLD_FILE                             ; db/stp3_auto_stripped.stp                             ; --            ; --          ; --                                ;
; SLD_INFO                             ; QSYS_NAME sys HAS_SOPCINFO 1 GENERATION_ID 1744191906 ; --            ; sys         ; --                                ;
; SOPCINFO_FILE                        ; sys/synthesis/../../sys.sopcinfo                      ; --            ; --          ; --                                ;
; SYNTHESIS_ONLY_QIP                   ; On                                                    ; --            ; --          ; --                                ;
; TOP_LEVEL_ENTITY                     ; topv4                                                 ; top           ; --          ; --                                ;
; USE_SIGNALTAP_FILE                   ; stp3.stp                                              ; --            ; --          ; --                                ;
; VERILOG_INPUT_VERSION                ; SystemVerilog_2005                                    ; Verilog_2001  ; --          ; --                                ;
; VERILOG_SHOW_LMF_MAPPING_MESSAGES    ; Off                                                   ; --            ; --          ; --                                ;
+--------------------------------------+-------------------------------------------------------+---------------+-------------+-----------------------------------+


+--------------------------------------------------------------------------------------------------------------------------+
; Flow Elapsed Time                                                                                                        ;
+----------------------+--------------+-------------------------+---------------------+------------------------------------+
; Module Name          ; Elapsed Time ; Average Processors Used ; Peak Virtual Memory ; Total CPU Time (on all processors) ;
+----------------------+--------------+-------------------------+---------------------+------------------------------------+
; Analysis & Synthesis ; 00:03:51     ; 1.0                     ; 5056 MB             ; 00:03:14                           ;
; Fitter               ; 00:01:08     ; 1.3                     ; 5706 MB             ; 00:02:05                           ;
; Assembler            ; 00:00:05     ; 1.0                     ; 4787 MB             ; 00:00:04                           ;
; Timing Analyzer      ; 00:00:07     ; 1.5                     ; 4894 MB             ; 00:00:09                           ;
; EDA Netlist Writer   ; 00:00:06     ; 1.0                     ; 4708 MB             ; 00:00:05                           ;
; Total                ; 00:05:17     ; --                      ; --                  ; 00:05:37                           ;
+----------------------+--------------+-------------------------+---------------------+------------------------------------+


+-------------------------------------------------------------------------------------+
; Flow OS Summary                                                                     ;
+----------------------+-------------------+------------+------------+----------------+
; Module Name          ; Machine Hostname  ; OS Name    ; OS Version ; Processor type ;
+----------------------+-------------------+------------+------------+----------------+
; Analysis & Synthesis ; PCG0283-SG-F-2203 ; Windows 10 ; 10.0       ; x86_64         ;
; Fitter               ; PCG0283-SG-F-2203 ; Windows 10 ; 10.0       ; x86_64         ;
; Assembler            ; PCG0283-SG-F-2203 ; Windows 10 ; 10.0       ; x86_64         ;
; Timing Analyzer      ; PCG0283-SG-F-2203 ; Windows 10 ; 10.0       ; x86_64         ;
; EDA Netlist Writer   ; PCG0283-SG-F-2203 ; Windows 10 ; 10.0       ; x86_64         ;
+----------------------+-------------------+------------+------------+----------------+


------------
; Flow Log ;
------------
quartus_map --read_settings_files=on --write_settings_files=off top -c top
quartus_fit --read_settings_files=off --write_settings_files=off top -c top
quartus_asm --read_settings_files=off --write_settings_files=off top -c top
quartus_sta top -c top
quartus_eda --read_settings_files=off --write_settings_files=off top -c top



