Flow report for topv2
Tue Mar 25 11:40:30 2025
Quartus Prime Version 23.1std.1 Build 993 05/14/2024 SC Standard Edition


---------------------
; Table of Contents ;
---------------------
  1. Legal Notice
  2. Flow Summary
  3. Flow Settings
  4. Flow Non-Default Global Settings
  5. Flow Elapsed Time
  6. Flow OS Summary
  7. Flow Log
  8. Flow Messages
  9. Flow Suppressed Messages



----------------
; Legal Notice ;
----------------
Copyright (C) 2024  Intel Corporation. All rights reserved.
Your use of Intel Corporation's design tools, logic functions 
and other software and tools, and any partner logic 
functions, and any output files from any of the foregoing 
(including device programming or simulation files), and any 
associated documentation or information are expressly subject 
to the terms and conditions of the Intel Program License 
Subscription Agreement, the Intel Quartus Prime License Agreement,
the Intel FPGA IP License Agreement, or other applicable license
agreement, including, without limitation, that your use is for
the sole purpose of programming logic devices manufactured by
Intel and sold by Intel or its authorized distributors.  Please
refer to the applicable agreement for further details, at
https://fpgasoftware.intel.com/eula.



+-----------------------------------------------------------------------------------------+
; Flow Summary                                                                            ;
+------------------------------------+----------------------------------------------------+
; Flow Status                        ; Successful - Tue Mar 25 11:40:30 2025              ;
; Quartus Prime Version              ; 23.1std.1 Build 993 05/14/2024 SC Standard Edition ;
; Revision Name                      ; topv2                                              ;
; Top-level Entity Name              ; topv2                                              ;
; Family                             ; Cyclone 10 LP                                      ;
; Device                             ; 10CL025YU256I7G                                    ;
; Timing Models                      ; Final                                              ;
; Total logic elements               ; 5,465 / 24,624 ( 22 % )                            ;
;     Total combinational functions  ; 1,451 / 24,624 ( 6 % )                             ;
;     Dedicated logic registers      ; 5,145 / 24,624 ( 21 % )                            ;
; Total registers                    ; 5161                                               ;
; Total pins                         ; 14 / 151 ( 9 % )                                   ;
; Total virtual pins                 ; 0                                                  ;
; Total memory bits                  ; 48,144 / 608,256 ( 8 % )                           ;
; Embedded Multiplier 9-bit elements ; 0 / 132 ( 0 % )                                    ;
; Total PLLs                         ; 1 / 2 ( 50 % )                                     ;
+------------------------------------+----------------------------------------------------+


+-----------------------------------------+
; Flow Settings                           ;
+-------------------+---------------------+
; Option            ; Setting             ;
+-------------------+---------------------+
; Start date & time ; 03/25/2025 11:38:52 ;
; Main task         ; Compilation         ;
; Revision Name     ; topv2               ;
+-------------------+---------------------+


+--------------------------------------------------------------------------------------------------------------------------------------------------------------------------------+
; Flow Non-Default Global Settings                                                                                                                                               ;
+--------------------------------------+-----------------------------------------------------------------------+---------------+-------------+-----------------------------------+
; Assignment Name                      ; Value                                                                 ; Default Value ; Entity Name ; Section Id                        ;
+--------------------------------------+-----------------------------------------------------------------------+---------------+-------------+-----------------------------------+
; COMPILER_SIGNATURE_ID                ; 817170663622.174287393205492                                          ; --            ; --          ; --                                ;
; EDA_GENERATE_FUNCTIONAL_NETLIST      ; Off                                                                   ; --            ; --          ; eda_board_design_timing           ;
; EDA_GENERATE_FUNCTIONAL_NETLIST      ; Off                                                                   ; --            ; --          ; eda_board_design_boundary_scan    ;
; EDA_GENERATE_FUNCTIONAL_NETLIST      ; Off                                                                   ; --            ; --          ; eda_board_design_signal_integrity ;
; EDA_GENERATE_FUNCTIONAL_NETLIST      ; Off                                                                   ; --            ; --          ; eda_board_design_symbol           ;
; EDA_OUTPUT_DATA_FORMAT               ; Systemverilog Hdl                                                     ; --            ; --          ; eda_simulation                    ;
; EDA_SIMULATION_TOOL                  ; Questa Intel FPGA (SystemVerilog)                                     ; <None>        ; --          ; --                                ;
; EDA_TIME_SCALE                       ; 1 ps                                                                  ; --            ; --          ; eda_simulation                    ;
; ENABLE_SIGNALTAP                     ; On                                                                    ; --            ; --          ; --                                ;
; FITTER_EFFORT                        ; Standard Fit                                                          ; Auto Fit      ; --          ; --                                ;
; MAX_CORE_JUNCTION_TEMP               ; 100                                                                   ; --            ; --          ; --                                ;
; MIN_CORE_JUNCTION_TEMP               ; -40                                                                   ; --            ; --          ; --                                ;
; MISC_FILE                            ; top.iowizard                                                          ; --            ; --          ; --                                ;
; MISC_FILE                            ; issp/issp/synthesis/../issp.cmp                                       ; --            ; --          ; --                                ;
; MISC_FILE                            ; issp/issp/synthesis/../../issp.qsys                                   ; --            ; --          ; --                                ;
; MISC_FILE                            ; controller/synthesis/../controller.cmp                                ; --            ; --          ; --                                ;
; MISC_FILE                            ; controller/synthesis/../../controller.qsys                            ; --            ; --          ; --                                ;
; MISC_FILE                            ; pll/pll_inst.v                                                        ; --            ; --          ; --                                ;
; MISC_FILE                            ; pll/pll.ppf                                                           ; --            ; --          ; --                                ;
; MISC_FILE                            ; dq/dq_inst.v                                                          ; --            ; --          ; --                                ;
; MISC_FILE                            ; dq/dq.ppf                                                             ; --            ; --          ; --                                ;
; MISC_FILE                            ; pll2/pll2_inst.v                                                      ; --            ; --          ; --                                ;
; MISC_FILE                            ; pll2/pll2_bb.v                                                        ; --            ; --          ; --                                ;
; MISC_FILE                            ; pll2/pll2.ppf                                                         ; --            ; --          ; --                                ;
; MISC_FILE                            ; pll_reconfig/pll_reconfig_inst.v                                      ; --            ; --          ; --                                ;
; MISC_FILE                            ; ck/ck_inst.v                                                          ; --            ; --          ; --                                ;
; MISC_FILE                            ; ck/ck.ppf                                                             ; --            ; --          ; --                                ;
; NOMINAL_CORE_SUPPLY_VOLTAGE          ; 1.2V                                                                  ; --            ; --          ; --                                ;
; OPTIMIZATION_MODE                    ; High Performance Effort                                               ; Balanced      ; --          ; --                                ;
; PARTITION_COLOR                      ; -- (Not supported for targeted family)                                ; --            ; --          ; Top                               ;
; PARTITION_FITTER_PRESERVATION_LEVEL  ; -- (Not supported for targeted family)                                ; --            ; --          ; Top                               ;
; PARTITION_NETLIST_TYPE               ; -- (Not supported for targeted family)                                ; --            ; --          ; Top                               ;
; PHYSICAL_SYNTHESIS_COMBO_LOGIC       ; On                                                                    ; Off           ; --          ; --                                ;
; PHYSICAL_SYNTHESIS_REGISTER_RETIMING ; On                                                                    ; Off           ; --          ; --                                ;
; PLACEMENT_EFFORT_MULTIPLIER          ; 4.0                                                                   ; 1.0           ; --          ; --                                ;
; POWER_BOARD_THERMAL_MODEL            ; None (CONSERVATIVE)                                                   ; --            ; --          ; --                                ;
; POWER_PRESET_COOLING_SOLUTION        ; 23 MM HEAT SINK WITH 200 LFPM AIRFLOW                                 ; --            ; --          ; --                                ;
; PROJECT_OUTPUT_DIRECTORY             ; output_files                                                          ; --            ; --          ; --                                ;
; ROUTER_TIMING_OPTIMIZATION_LEVEL     ; MAXIMUM                                                               ; Normal        ; --          ; --                                ;
; SLD_FILE                             ; issp/issp/synthesis/issp.debuginfo                                    ; --            ; --          ; --                                ;
; SLD_FILE                             ; controller/synthesis/controller.debuginfo                             ; --            ; --          ; --                                ;
; SLD_FILE                             ; db/stp2_auto_stripped.stp                                             ; --            ; --          ; --                                ;
; SLD_INFO                             ; QSYS_NAME controller HAS_SOPCINFO 1 GENERATION_ID 1741665343          ; --            ; controller  ; --                                ;
; SLD_INFO                             ; QSYS_NAME issp HAS_SOPCINFO 1 GENERATION_ID 1741833747                ; --            ; issp        ; --                                ;
; SLD_NODE_CREATOR_ID                  ; 110                                                                   ; --            ; --          ; auto_signaltap_0                  ;
; SLD_NODE_ENTITY_NAME                 ; sld_signaltap                                                         ; --            ; --          ; auto_signaltap_0                  ;
; SLD_NODE_PARAMETER_ASSIGNMENT        ; SLD_RAM_BLOCK_TYPE=AUTO                                               ; --            ; --          ; auto_signaltap_0                  ;
; SLD_NODE_PARAMETER_ASSIGNMENT        ; SLD_NODE_INFO=805334528                                               ; --            ; --          ; auto_signaltap_0                  ;
; SLD_NODE_PARAMETER_ASSIGNMENT        ; SLD_POWER_UP_TRIGGER=0                                                ; --            ; --          ; auto_signaltap_0                  ;
; SLD_NODE_PARAMETER_ASSIGNMENT        ; SLD_STORAGE_QUALIFIER_INVERSION_MASK_LENGTH=0                         ; --            ; --          ; auto_signaltap_0                  ;
; SLD_NODE_PARAMETER_ASSIGNMENT        ; SLD_SEGMENT_SIZE=128                                                  ; --            ; --          ; auto_signaltap_0                  ;
; SLD_NODE_PARAMETER_ASSIGNMENT        ; SLD_ATTRIBUTE_MEM_MODE=OFF                                            ; --            ; --          ; auto_signaltap_0                  ;
; SLD_NODE_PARAMETER_ASSIGNMENT        ; SLD_STATE_FLOW_USE_GENERATED=0                                        ; --            ; --          ; auto_signaltap_0                  ;
; SLD_NODE_PARAMETER_ASSIGNMENT        ; SLD_STATE_BITS=11                                                     ; --            ; --          ; auto_signaltap_0                  ;
; SLD_NODE_PARAMETER_ASSIGNMENT        ; SLD_BUFFER_FULL_STOP=1                                                ; --            ; --          ; auto_signaltap_0                  ;
; SLD_NODE_PARAMETER_ASSIGNMENT        ; SLD_CURRENT_RESOURCE_WIDTH=1                                          ; --            ; --          ; auto_signaltap_0                  ;
; SLD_NODE_PARAMETER_ASSIGNMENT        ; SLD_INCREMENTAL_ROUTING=1                                             ; --            ; --          ; auto_signaltap_0                  ;
; SLD_NODE_PARAMETER_ASSIGNMENT        ; SLD_TRIGGER_LEVEL=1                                                   ; --            ; --          ; auto_signaltap_0                  ;
; SLD_NODE_PARAMETER_ASSIGNMENT        ; SLD_SAMPLE_DEPTH=128                                                  ; --            ; --          ; auto_signaltap_0                  ;
; SLD_NODE_PARAMETER_ASSIGNMENT        ; SLD_TRIGGER_IN_ENABLED=0                                              ; --            ; --          ; auto_signaltap_0                  ;
; SLD_NODE_PARAMETER_ASSIGNMENT        ; SLD_TRIGGER_PIPELINE=0                                                ; --            ; --          ; auto_signaltap_0                  ;
; SLD_NODE_PARAMETER_ASSIGNMENT        ; SLD_COUNTER_PIPELINE=0                                                ; --            ; --          ; auto_signaltap_0                  ;
; SLD_NODE_PARAMETER_ASSIGNMENT        ; SLD_TRIGGER_LEVEL_PIPELINE=1                                          ; --            ; --          ; auto_signaltap_0                  ;
; SLD_NODE_PARAMETER_ASSIGNMENT        ; SLD_RAM_PIPELINE=5                                                    ; --            ; --          ; auto_signaltap_0                  ;
; SLD_NODE_PARAMETER_ASSIGNMENT        ; SLD_TRIGGER_BITS=1                                                    ; --            ; --          ; auto_signaltap_0                  ;
; SLD_NODE_PARAMETER_ASSIGNMENT        ; SLD_DATA_BITS=375                                                     ; --            ; --          ; auto_signaltap_0                  ;
; SLD_NODE_PARAMETER_ASSIGNMENT        ; SLD_STORAGE_QUALIFIER_BITS=391                                        ; --            ; --          ; auto_signaltap_0                  ;
; SLD_NODE_PARAMETER_ASSIGNMENT        ; SLD_INVERSION_MASK=000000000000000000000                              ; --            ; --          ; auto_signaltap_0                  ;
; SLD_NODE_PARAMETER_ASSIGNMENT        ; SLD_INVERSION_MASK_LENGTH=21                                          ; --            ; --          ; auto_signaltap_0                  ;
; SLD_NODE_PARAMETER_ASSIGNMENT        ; SLD_ADVANCED_TRIGGER_ENTITY=sld_reserved_top_auto_signaltap_0_1_cc7a, ; --            ; --          ; auto_signaltap_0                  ;
; SLD_NODE_PARAMETER_ASSIGNMENT        ; SLD_ENABLE_ADVANCED_TRIGGER=1                                         ; --            ; --          ; auto_signaltap_0                  ;
; SOPCINFO_FILE                        ; issp/issp/synthesis/../../issp.sopcinfo                               ; --            ; --          ; --                                ;
; SOPCINFO_FILE                        ; controller/synthesis/../../controller.sopcinfo                        ; --            ; --          ; --                                ;
; SYNTHESIS_ONLY_QIP                   ; On                                                                    ; --            ; --          ; --                                ;
; SYNTHESIS_ONLY_QIP                   ; On                                                                    ; --            ; --          ; --                                ;
; USE_SIGNALTAP_FILE                   ; stp2.stp                                                              ; --            ; --          ; --                                ;
; VERILOG_INPUT_VERSION                ; SystemVerilog_2005                                                    ; Verilog_2001  ; --          ; --                                ;
; VERILOG_SHOW_LMF_MAPPING_MESSAGES    ; Off                                                                   ; --            ; --          ; --                                ;
+--------------------------------------+-----------------------------------------------------------------------+---------------+-------------+-----------------------------------+


+--------------------------------------------------------------------------------------------------------------------------+
; Flow Elapsed Time                                                                                                        ;
+----------------------+--------------+-------------------------+---------------------+------------------------------------+
; Module Name          ; Elapsed Time ; Average Processors Used ; Peak Virtual Memory ; Total CPU Time (on all processors) ;
+----------------------+--------------+-------------------------+---------------------+------------------------------------+
; Analysis & Synthesis ; 00:00:55     ; 1.0                     ; 4987 MB             ; 00:01:15                           ;
; Fitter               ; 00:00:27     ; 1.3                     ; 5603 MB             ; 00:00:46                           ;
; Assembler            ; 00:00:02     ; 1.0                     ; 4776 MB             ; 00:00:02                           ;
; Timing Analyzer      ; 00:00:04     ; 1.3                     ; 4868 MB             ; 00:00:05                           ;
; EDA Netlist Writer   ; 00:00:02     ; 1.0                     ; 4694 MB             ; 00:00:03                           ;
; Total                ; 00:01:30     ; --                      ; --                  ; 00:02:11                           ;
+----------------------+--------------+-------------------------+---------------------+------------------------------------+


+-------------------------------------------------------------------------------------+
; Flow OS Summary                                                                     ;
+----------------------+-------------------+------------+------------+----------------+
; Module Name          ; Machine Hostname  ; OS Name    ; OS Version ; Processor type ;
+----------------------+-------------------+------------+------------+----------------+
; Analysis & Synthesis ; PCG0283-SG-F-2203 ; Windows 10 ; 10.0       ; x86_64         ;
; Fitter               ; PCG0283-SG-F-2203 ; Windows 10 ; 10.0       ; x86_64         ;
; Assembler            ; PCG0283-SG-F-2203 ; Windows 10 ; 10.0       ; x86_64         ;
; Timing Analyzer      ; PCG0283-SG-F-2203 ; Windows 10 ; 10.0       ; x86_64         ;
; EDA Netlist Writer   ; PCG0283-SG-F-2203 ; Windows 10 ; 10.0       ; x86_64         ;
+----------------------+-------------------+------------+------------+----------------+


------------
; Flow Log ;
------------
quartus_map --read_settings_files=on --write_settings_files=off top -c topv2
quartus_fit --read_settings_files=off --write_settings_files=off top -c topv2
quartus_asm --read_settings_files=off --write_settings_files=off top -c topv2
quartus_sta top -c topv2
quartus_eda --read_settings_files=off --write_settings_files=off top -c topv2



